<library><module id="Test-Point-Pin_Drill2.79mm" layer="F.Cu" tedit="5"><fp_text type="reference" contents="REF**" at-x="0" at-y="-3.98" layer="F.SilkS"><effects><font size-x="1" size-y="1" thickness="0.15"/></effects></fp_text><fp_text type="value" contents="Test-Point-Pin_Drill2.79mm" at-x="0" at-y="4.05" layer="F.Fab"><effects><font size-x="1" size-y="1" thickness="0.15"/></effects></fp_text><fp_text type="user" contents="%R" at-x="0" at-y="-0.01" layer="F.Fab"><effects><font size-x="0.5" size-y="0.5" thickness="0.05"/></effects></fp_text><fp_circle center-x="0" center-y="0" end-x="3.04" end-y="0" layer="F.CrtYd" width="0.05"/><fp_circle center-x="0" center-y="0" end-x="2.89" end-y="-0.01" layer="F.SilkS" width="0.1"/><fp_circle center-x="0" center-y="0" end-x="2.79" end-y="0" layer="F.Fab" width="0.1"/><pad number="1" form="thru_hole" shape="circle" at-x="0" at-y="0" size-x="3.79" size-y="3.79" drill="2.79" layers="*.Cu,*.Mask"/></module></library>